0 info it worked if it ends with ok
1 verbose cli [ 'C:\\Program Files\\nodejs\\node.exe',
1 verbose cli   'C:\\Program Files\\nodejs\\node_modules\\npm\\bin\\npm-cli.js',
1 verbose cli   'start' ]
2 info using npm@3.10.6
3 info using node@v4.4.5
4 verbose run-script [ 'prestart', 'start', 'poststart' ]
5 info lifecycle koa2test@0.1.0~prestart: koa2test@0.1.0
6 silly lifecycle koa2test@0.1.0~prestart: no script for prestart, continuing
7 info lifecycle koa2test@0.1.0~start: koa2test@0.1.0
8 verbose lifecycle koa2test@0.1.0~start: unsafe-perm in lifecycle true
9 verbose lifecycle koa2test@0.1.0~start: PATH: C:\Program Files\nodejs\node_modules\npm\bin\node-gyp-bin;E:\weeklySystem\node_modules\.bin;C:\Windows\system32;C:\Windows;C:\Windows\System32\Wbem;C:\Windows\System32\WindowsPowerShell\v1.0\;C:\Program Files\nodejs\node_global;C:\Program Files\nodejs\;C:\Program Files\Git\cmd;C:\Python27;C:\Users\tongshuo\AppData\Local\Android\sdk\platform-tools;
10 verbose lifecycle koa2test@0.1.0~start: CWD: E:\weeklySystem
11 silly lifecycle koa2test@0.1.0~start: Args: [ '/d /s /c', 'nodemon bin/run' ]
12 silly lifecycle koa2test@0.1.0~start: Returned: code: 1  signal: null
13 info lifecycle koa2test@0.1.0~start: Failed to exec start script
14 verbose stack Error: koa2test@0.1.0 start: `nodemon bin/run`
14 verbose stack Exit status 1
14 verbose stack     at EventEmitter.<anonymous> (C:\Program Files\nodejs\node_modules\npm\lib\utils\lifecycle.js:255:16)
14 verbose stack     at emitTwo (events.js:87:13)
14 verbose stack     at EventEmitter.emit (events.js:172:7)
14 verbose stack     at ChildProcess.<anonymous> (C:\Program Files\nodejs\node_modules\npm\lib\utils\spawn.js:40:14)
14 verbose stack     at emitTwo (events.js:87:13)
14 verbose stack     at ChildProcess.emit (events.js:172:7)
14 verbose stack     at maybeClose (internal/child_process.js:827:16)
14 verbose stack     at Process.ChildProcess._handle.onexit (internal/child_process.js:211:5)
15 verbose pkgid koa2test@0.1.0
16 verbose cwd E:\weeklySystem
17 error Windows_NT 6.1.7601
18 error argv "C:\\Program Files\\nodejs\\node.exe" "C:\\Program Files\\nodejs\\node_modules\\npm\\bin\\npm-cli.js" "start"
19 error node v4.4.5
20 error npm  v3.10.6
21 error code ELIFECYCLE
22 error koa2test@0.1.0 start: `nodemon bin/run`
22 error Exit status 1
23 error Failed at the koa2test@0.1.0 start script 'nodemon bin/run'.
23 error Make sure you have the latest version of node.js and npm installed.
23 error If you do, this is most likely a problem with the koa2test package,
23 error not with npm itself.
23 error Tell the author that this fails on your system:
23 error     nodemon bin/run
23 error You can get information on how to open an issue for this project with:
23 error     npm bugs koa2test
23 error Or if that isn't available, you can get their info via:
23 error     npm owner ls koa2test
23 error There is likely additional logging output above.
24 verbose exit [ 1, true ]
